1531429972 0 0 0 0 0
1531430172 0 0 0 0 0
1531537019 0 0 0 0 0
1531537219 0 0 0 0 0
1531537619 0 0 0 0 0
1531538419 0 0 0 0 0
1531598005 0 0 0 0 0
1531598205 0 0 0 0 0
1531598605 0 0 0 0 0
1531599405 0 0 0 0 0
1531649018 0 0 0 0 0
1531649218 0 0 0 0 0
1531649618 0 0 0 0 0
1531649884 0 0 0 0 0
1531650199 0 0 0 0 0
1531650399 0 0 0 0 0
1531650998 0.129675 0.0341263 0.0115074 0.00165207 0.000385728
1531651198 0.129675 0.0341263 0.0115074 0.00165207 0.000385728
1531651598 0.129675 0.0341263 0.0115074 0.00165207 0.000385728
1531652398 0.24264 0.0671204 0.0228936 0.00330306 0.000771693
1531653199 0.357928 0.10485 0.036248 0.00526059 0.00122995
1531653399 0.357928 0.10485 0.036248 0.00526059 0.00122995
1531653799 0.357928 0.10485 0.036248 0.00526059 0.00122995
1531654599 0.311298 0.101254 0.0358288 0.00525185 0.00122948
1531654947 0.311298 0.101254 0.0358288 0.00525185 0.00122948
1531655147 0.270742 0.0977818 0.0354145 0.00524313 0.001229
1531655547 0.270742 0.0977818 0.0354145 0.00524313 0.001229
1531656347 0.365837 0.128753 0.0465805 0.00689639 0.00161656
1531657026 0.365837 0.128753 0.0465805 0.00689639 0.00161656
1531657178 0.448532 0.15866 0.0576173 0.00854691 0.00200398
1531657378 0.448532 0.15866 0.0576173 0.00854691 0.00200398
1531657833 0.448532 0.15866 0.0576173 0.00854691 0.00200398
1531658033 0.448532 0.15866 0.0576173 0.00854691 0.00200398
1531658433 0.520444 0.187542 0.0685263 0.0101947 0.00239124
1531659251 0.583268 0.215567 0.0793623 0.0118479 0.00278028
1531659451 0.583268 0.215567 0.0793623 0.0118479 0.00278028
1531659851 0.583268 0.215567 0.0793623 0.0118479 0.00278028
1531660651 0.63761 0.242495 0.0900196 0.0134902 0.00316724
1531662251 0.482297 0.226148 0.0879496 0.0134454 0.00316479
1531665451 0.317288 0.20367 0.0849334 0.0133786 0.00316111
1531668651 0.208734 0.183427 0.0820207 0.013312 0.00315744
1531671851 0.137319 0.165195 0.0792079 0.0132458 0.00315377
1531672640 0.114206 0.157756 0.0780007 0.0132168 0.00315215
1531672840 0.114206 0.157756 0.0780007 0.0132168 0.00315215
1531673240 0.114206 0.157756 0.0780007 0.0132168 0.00315215
1531674040 0.0993273 0.152346 0.0770986 0.0131949 0.00315093
1531675640 0.0751326 0.142076 0.0753257 0.0131511 0.00314849
1531678840 0.0494274 0.127955 0.0727425 0.0130857 0.00314483
1531682040 0.0325122 0.115233 0.0702471 0.0130206 0.00314117
1531685240 0.0213888 0.103779 0.067838 0.0129558 0.00313752
1531744222 0.99975 0.886654 0.532098 0.105513 0.0257793
1531744422 0.99975 0.886654 0.532098 0.105513 0.0257793
1531744725 0.99975 0.886654 0.532098 0.105513 0.0257793
1531744925 0.99975 0.886654 0.532098 0.105513 0.0257793
1531745325 0.999782 0.890545 0.537514 0.106999 0.0261573
1531746125 0.999782 0.890545 0.537514 0.106999 0.0261573
1531747725 0.999835 0.897931 0.54816 0.109965 0.0269129
1531750136 0.999889 0.907602 0.562907 0.114174 0.0279887
1531750336 0.999889 0.907602 0.562907 0.114174 0.0279887
1531750736 0.999889 0.907602 0.562907 0.114174 0.0279887
1531751536 0.999904 0.910774 0.567967 0.115646 0.0283659
1531753136 0.999927 0.916795 0.577912 0.118584 0.0291198
1531756336 0.999952 0.925075 0.592405 0.122972 0.0302499
1531759536 0.999969 0.932529 0.606397 0.127338 0.0313784
1531764366 0.999985 0.943683 0.629405 0.134814 0.0333212
1531764566 0.999985 0.943683 0.629405 0.134814 0.0333212
1531764967 0.999985 0.943683 0.629405 0.134814 0.0333212
1531765167 0.999985 0.943683 0.629405 0.134814 0.0333212
1531765567 0.999987 0.945616 0.633695 0.136252 0.0336963
1531766367 0.999988 0.947483 0.637935 0.137688 0.0340713
1531767967 0.99999 0.949286 0.642126 0.139121 0.0344461
1531771167 0.999993 0.954364 0.654495 0.143436 0.0355775
1531774367 1.24599 1.02709 0.689692 0.151085 0.0374916
1531777567 1.56787 1.15349 0.749087 0.163297 0.0405238
1531856220 1.69754 1.22102 0.951036 0.268308 0.0696898
1531856420 1.69754 1.22102 0.951036 0.268308 0.0696898
1531856820 1.69754 1.22102 0.951036 0.268308 0.0696898
1531857620 1.81051 1.2541 0.963897 0.271188 0.070436
1531859220 1.99436 1.31689 0.989176 0.276934 0.0719276
1531862420 2.18994 1.40327 1.02601 0.28552 0.0741635
1531865620 2.31883 1.48109 1.06159 0.294061 0.0763961
1531868820 2.40376 1.55121 1.09596 0.302559 0.0786261
1531872020 2.45973 1.61439 1.12914 0.311016 0.0808536
1531875220 2.50586 1.689 1.17164 0.322226 0.0838195
1531878420 2.52701 1.73853 1.20224 0.330586 0.0860409
1531941403 1.56802 1.25039 1.13223 0.397937 0.108097
1531941603 1.56802 1.25039 1.13223 0.397937 0.108097
1531942003 1.56802 1.25039 1.13223 0.397937 0.108097
1531942803 1.70165 1.28347 1.14335 0.400688 0.108852
1531944007 1.86583 1.32982 1.15939 0.404709 0.109957
1531944207 1.86583 1.32982 1.15939 0.404709 0.109957
1531944607 1.86583 1.32982 1.15939 0.404709 0.109957
1531945407 1.95703 1.35921 1.16986 0.407366 0.110688
1531947007 2.10544 1.415 1.19044 0.412668 0.11215
1531951984 2.46756 1.57317 1.25154 0.427546 0.1162
1531994042 3.56468 2.81419 1.95159 0.601095 0.162673
1531994242 3.56468 2.81419 1.95159 0.601095 0.162673
1531994642 3.56468 2.81419 1.95159 0.601095 0.162673
1531995442 3.56509 2.82702 1.96447 0.605087 0.163772
1531997042 3.56577 2.85139 1.98978 0.61305 0.165967
1532000242 3.56648 2.88491 2.02667 0.624945 0.169258
1532003442 3.56696 2.9151 2.06229 0.636782 0.172545
1532006642 3.56727 2.94229 2.0967 0.648559 0.175828
1532009842 3.56747 2.96679 2.12993 0.660278 0.179108
1532013042 3.56761 2.98885 2.16202 0.671939 0.182383
1532016242 3.56772 3.01491 2.20311 0.687397 0.186745
1532019442 3.56777 3.03221 2.2327 0.698928 0.190012
1532022642 3.5678 3.04778 2.26128 0.710397 0.193275
1532025842 3.56783 3.06182 2.28887 0.721809 0.196534
1532029042 3.56784 3.07445 2.31552 0.733165 0.19979
1532032242 3.56785 3.08938 2.34964 0.748218 0.204124
1532035442 3.56786 3.09928 2.37422 0.759443 0.207371
1532038642 3.56786 3.10821 2.39795 0.770611 0.210613
1532041842 3.56786 3.11624 2.42086 0.781725 0.213852
1532045042 3.56787 3.12348 2.443 0.792783 0.217087
1532048242 3.56787 3.13203 2.47133 0.807442 0.221395
1532051442 3.56787 3.1377 2.49174 0.818373 0.224622
1533639474 4.08657 3.32572 3.11356 2.85794 1.4987
1533639674 4.08657 3.32572 3.11356 2.85794 1.4987
1533640074 4.08657 3.32572 3.11356 2.85794 1.4987
1533640874 4.53864 3.45777 3.15913 2.86481 1.50083
1533642474 5.27437 3.70849 3.2487 2.87852 1.50508
1533645674 6.05685 4.05331 3.37922 2.89899 1.51145
1533648874 6.57236 4.36397 3.50527 2.91937 1.51782
1536827976 0 0 0 0 0
1536828176 0 0 0 0 0
1536828576 0 0 0 0 0
1536829376 0 0 0 0 0
1536831201 0 0 0 0 0
1536831401 0 0 0 0 0
1536831801 0 0 0 0 0
1536833870 0 0 0 0 0
1536834070 0 0 0 0 0
1536834470 0 0 0 0 0
1536835270 0 0 0 0 0
1536836853 0 0 0 0 0
1536837053 0 0 0 0 0
1536837453 0 0 0 0 0
1536838253 0 0 0 0 0
1536839853 0 0 0 0 0
1536843053 0 0 0 0 0
1536846253 0 0 0 0 0
1536849453 0 0 0 0 0
1536852653 0 0 0 0 0
1536853833 0 0 0 0 0
1536854033 0 0 0 0 0
1536854433 0 0 0 0 0
1536855233 0 0 0 0 0
1536856833 0 0 0 0 0
1536860033 0 0 0 0 0
1536860529 0 0 0 0 0
1536860729 0 0 0 0 0
1536861129 0 0 0 0 0
1536861929 0 0 0 0 0
1536863529 0 0 0 0 0
1536866787 0 0 0 0 0
1536866987 0 0 0 0 0
1536867387 0 0 0 0 0
1536868187 0 0 0 0 0
1536869787 0 0 0 0 0
1536872987 0 0 0 0 0
1536876187 0 0 0 0 0
1536879387 0 0 0 0 0
1536882587 0 0 0 0 0
1536885787 0 0 0 0 0
1536889063 0 0 0 0 0
1536889263 0 0 0 0 0
1536889663 0 0 0 0 0
1536890463 0 0 0 0 0
1536892063 0 0 0 0 0
1536895263 0 0 0 0 0
1536914089 0 0 0 0 0
1536914289 0 0 0 0 0
1536914689 0 0 0 0 0
1536915489 0 0 0 0 0
1536917089 0 0 0 0 0
1536918518 0 0 0 0 0
1536918718 0 0 0 0 0
1536919242 0 0 0 0 0
